<?xml version="1.0" encoding="UTF-8"?>
<testng-results ignored="0" total="1" passed="1" failed="0" skipped="0">
  <reporter-output>
  </reporter-output>
  <suite started-at="2026-02-17T19:28:20 IST" name="Chrome browser" finished-at="2026-02-17T19:28:28 IST" duration-ms="8576">
    <groups>
    </groups>
    <test started-at="2026-02-17T19:28:20 IST" name="Test" finished-at="2026-02-17T19:28:28 IST" duration-ms="8576">
      <class name="testCases.TC_003_LoginDDT">
        <test-method is-config="true" signature="testSetup(java.lang.String,java.lang.String)[pri:0, instance:testCases.TC_003_LoginDDT@394df057]" started-at="2026-02-17T19:28:20 IST" name="testSetup" finished-at="2026-02-17T19:28:23 IST" duration-ms="3035" status="PASS">
          <params>
            <param index="0">
              <value>
                <![CDATA[chrome]]>
              </value>
            </param>
            <param index="1">
              <value>
                <![CDATA[windows]]>
              </value>
            </param>
          </params>
          <reporter-output>
          </reporter-output>
        </test-method> <!-- testSetup -->
        <test-method signature="loginDDT(java.lang.String,java.lang.String,java.lang.String)[pri:0, instance:testCases.TC_003_LoginDDT@394df057]" started-at="2026-02-17T19:28:24 IST" name="loginDDT" data-provider="loginProvider" finished-at="2026-02-17T19:28:28 IST" duration-ms="4531" status="PASS">
          <params>
            <param index="0">
              <value>
                <![CDATA[ce.hardikdave@gmail.com]]>
              </value>
            </param>
            <param index="1">
              <value>
                <![CDATA[Password@1]]>
              </value>
            </param>
            <param index="2">
              <value>
                <![CDATA[Valid]]>
              </value>
            </param>
          </params>
          <reporter-output>
          </reporter-output>
        </test-method> <!-- loginDDT -->
        <test-method is-config="true" signature="testTearDown()[pri:0, instance:testCases.TC_003_LoginDDT@394df057]" started-at="2026-02-17T19:28:28 IST" name="testTearDown" finished-at="2026-02-17T19:28:28 IST" duration-ms="225" status="PASS">
          <reporter-output>
          </reporter-output>
        </test-method> <!-- testTearDown -->
      </class> <!-- testCases.TC_003_LoginDDT -->
    </test> <!-- Test -->
  </suite> <!-- Chrome browser -->
</testng-results>
