<?xml version="1.0" encoding="UTF-8"?>
<!-- Generated by org.testng.reporters.JUnitReportReporter -->
<testsuite hostname="HRDTECHDESK" failures="0" tests="3" name="testCases.TC_001_Login" time="18.208" errors="0" timestamp="2026-02-17T19:00:42 IST" skipped="0">
  <testcase classname="testCases.TC_001_Login" name="performLogin" time="5.640"/>
  <testcase classname="testCases.TC_001_Login" name="performLogin" time="6.072"/>
  <testcase classname="testCases.TC_001_Login" name="performLogin" time="6.496"/>
</testsuite> <!-- testCases.TC_001_Login -->
